2000.10.07 17:57 B C:\Casa\pagina\lado\animarcas.gif <-- luisito /aireacondicionado/lado animarcas.gif
2000.10.07 17:57 B C:\Casa\pagina\lado\lados.htm <-- luisito /aireacondicionado/lado lados.htm
2000.10.07 17:57 B C:\Casa\pagina\lado\lados_r1_c1.gif <-- luisito /aireacondicionado/lado lados_r1_c1.gif
2000.10.07 17:57 B C:\Casa\pagina\lado\lados_r1_c1_F2.gif <-- luisito /aireacondicionado/lado lados_r1_c1_F2.gif
2000.10.07 17:57 B C:\Casa\pagina\lado\lados_r2_c1.gif <-- luisito /aireacondicionado/lado lados_r2_c1.gif
2000.10.07 17:58 B C:\Casa\pagina\lado\lados_r2_c1_F2.gif <-- luisito /aireacondicionado/lado lados_r2_c1_F2.gif
2000.10.07 17:58 B C:\Casa\pagina\lado\lados_r3_c1.gif <-- luisito /aireacondicionado/lado lados_r3_c1.gif
2000.10.07 17:58 B C:\Casa\pagina\lado\lados_r3_c1_F2.gif <-- luisito /aireacondicionado/lado lados_r3_c1_F2.gif
2000.10.07 17:58 B C:\Casa\pagina\lado\lados_r4_c1.gif <-- luisito /aireacondicionado/lado lados_r4_c1.gif
2000.10.07 17:58 B C:\Casa\pagina\lado\lados_r4_c1_F2.gif <-- luisito /aireacondicionado/lado lados_r4_c1_F2.gif
2000.10.07 17:58 B C:\Casa\pagina\lado\lados_r5_c1.gif <-- luisito /aireacondicionado/lado lados_r5_c1.gif
2000.10.07 17:58 B C:\Casa\pagina\lado\lados_r5_c1_F2.gif <-- luisito /aireacondicionado/lado lados_r5_c1_F2.gif
2000.10.07 17:58 B C:\Casa\pagina\lado\lados_r6_c1.gif <-- luisito /aireacondicionado/lado lados_r6_c1.gif
2000.10.07 17:58 B C:\Casa\pagina\lado\lados_r6_c1_F2.gif <-- luisito /aireacondicionado/lado lados_r6_c1_F2.gif
2000.10.07 17:58 B C:\Casa\pagina\lado\lados_r7_c1.gif <-- luisito /aireacondicionado/lado lados_r7_c1.gif
2000.10.07 17:58 B C:\Casa\pagina\lado\lados_r7_c1_F2.gif <-- luisito /aireacondicionado/lado lados_r7_c1_F2.gif
2000.10.07 17:58 B C:\Casa\pagina\lado\shim.gif <-- luisito /aireacondicionado/lado shim.gif
2000.10.24 13:05 B C:\casa\pagina\lado\como.jpg --> aireacondicionado.sion.com /aireacondicionado/lado como.jpg
2000.10.24 13:05 B C:\casa\pagina\lado\comologo.gif --> aireacondicionado.sion.com /aireacondicionado/lado comologo.gif
2000.10.24 13:05 B C:\casa\pagina\lado\Icon --> aireacondicionado.sion.com /aireacondicionado/lado Icon
2000.10.24 13:05 B C:\casa\pagina\lado\lados.htm --> aireacondicionado.sion.com /aireacondicionado/lado lados.htm
2000.10.24 13:05 B C:\casa\pagina\lado\ventas.gif --> aireacondicionado.sion.com /aireacondicionado/lado ventas.gif
