2000.10.07 17:56 B C:\Casa\pagina\equipos\1.jpg <-- luisito /aireacondicionado/equipos 1.jpg
2000.10.07 17:56 B C:\Casa\pagina\equipos\1chico.jpg <-- luisito /aireacondicionado/equipos 1chico.jpg
2000.10.07 17:56 B C:\Casa\pagina\equipos\2.jpg <-- luisito /aireacondicionado/equipos 2.jpg
2000.10.07 17:56 B C:\Casa\pagina\equipos\3.jpg <-- luisito /aireacondicionado/equipos 3.jpg
2000.10.07 17:56 B C:\Casa\pagina\equipos\4.jpg <-- luisito /aireacondicionado/equipos 4.jpg
2000.10.07 17:56 B C:\Casa\pagina\equipos\4chico.jpg <-- luisito /aireacondicionado/equipos 4chico.jpg
2000.10.07 17:56 B C:\Casa\pagina\equipos\5.jpg <-- luisito /aireacondicionado/equipos 5.jpg
2000.10.07 17:56 B C:\Casa\pagina\equipos\6.jpg <-- luisito /aireacondicionado/equipos 6.jpg
2000.10.07 17:56 B C:\Casa\pagina\equipos\6chico.jpg <-- luisito /aireacondicionado/equipos 6chico.jpg
2000.10.07 17:56 B C:\Casa\pagina\equipos\7.jpg <-- luisito /aireacondicionado/equipos 7.jpg
2000.10.07 17:56 B C:\Casa\pagina\equipos\7chico.jpg <-- luisito /aireacondicionado/equipos 7chico.jpg
2000.10.07 17:56 B C:\Casa\pagina\equipos\8.jpg <-- luisito /aireacondicionado/equipos 8.jpg
2000.10.07 17:56 B C:\Casa\pagina\equipos\8chico.jpg <-- luisito /aireacondicionado/equipos 8chico.jpg
2000.10.07 17:56 B C:\Casa\pagina\equipos\barraabajo.gif <-- luisito /aireacondicionado/equipos barraabajo.gif
2000.10.07 17:56 B C:\Casa\pagina\equipos\barraequipos.gif <-- luisito /aireacondicionado/equipos barraequipos.gif
2000.10.07 17:56 B C:\Casa\pagina\equipos\equiposabajo.htm <-- luisito /aireacondicionado/equipos equiposabajo.htm
2000.10.07 17:56 B C:\Casa\pagina\equipos\equiposabajo1.htm <-- luisito /aireacondicionado/equipos equiposabajo1.htm
2000.10.07 17:57 B C:\Casa\pagina\equipos\equiposabajo2.htm <-- luisito /aireacondicionado/equipos equiposabajo2.htm
2000.10.07 17:57 B C:\Casa\pagina\equipos\equiposabajo3.htm <-- luisito /aireacondicionado/equipos equiposabajo3.htm
2000.10.07 17:57 B C:\Casa\pagina\equipos\equiposabajo4.htm <-- luisito /aireacondicionado/equipos equiposabajo4.htm
2000.10.07 17:57 B C:\Casa\pagina\equipos\equiposarriba.htm <-- luisito /aireacondicionado/equipos equiposarriba.htm
2000.10.07 17:57 B C:\Casa\pagina\equipos\equiposegunda.htm <-- luisito /aireacondicionado/equipos equiposegunda.htm
2000.10.07 17:57 B C:\Casa\pagina\equipos\equiposmedio.htm <-- luisito /aireacondicionado/equipos equiposmedio.htm
2000.10.07 17:57 B C:\Casa\pagina\equipos\fotuli.jpg <-- luisito /aireacondicionado/equipos fotuli.jpg
2000.10.07 17:57 B C:\Casa\pagina\equipos\titucomo.gif <-- luisito /aireacondicionado/equipos titucomo.gif
2000.10.07 17:57 B C:\Casa\pagina\equipos\titulocompactos.gif <-- luisito /aireacondicionado/equipos titulocompactos.gif
2000.10.07 17:57 B C:\Casa\pagina\equipos\titulocompactos2.gif <-- luisito /aireacondicionado/equipos titulocompactos2.gif
2000.10.07 17:57 B C:\Casa\pagina\equipos\titulodatos.gif <-- luisito /aireacondicionado/equipos titulodatos.gif
2000.10.07 17:57 B C:\Casa\pagina\equipos\tituloindividuales.gif <-- luisito /aireacondicionado/equipos tituloindividuales.gif
2000.10.07 17:57 B C:\Casa\pagina\equipos\tituloindividuales2.gif <-- luisito /aireacondicionado/equipos tituloindividuales2.gif
2000.10.07 17:57 B C:\Casa\pagina\equipos\titulomini.gif <-- luisito /aireacondicionado/equipos titulomini.gif
2000.10.07 17:57 B C:\Casa\pagina\equipos\titulomini2.gif <-- luisito /aireacondicionado/equipos titulomini2.gif
2000.10.07 17:57 B C:\Casa\pagina\equipos\titulomobil.gif <-- luisito /aireacondicionado/equipos titulomobil.gif
2000.10.07 17:57 B C:\Casa\pagina\equipos\titulomobil2.gif <-- luisito /aireacondicionado/equipos titulomobil2.gif
2000.10.07 17:57 B C:\Casa\pagina\equipos\tituloproductos.gif <-- luisito /aireacondicionado/equipos tituloproductos.gif
2000.10.07 17:57 B C:\Casa\pagina\equipos\transparent.gif <-- luisito /aireacondicionado/equipos transparent.gif
2000.10.24 13:04 B C:\casa\pagina\equipos\equiposabajo1.htm --> aireacondicionado.sion.com /aireacondicionado/equipos equiposabajo1.htm
2000.10.24 13:04 B C:\casa\pagina\equipos\equiposabajo2.htm --> aireacondicionado.sion.com /aireacondicionado/equipos equiposabajo2.htm
2000.10.24 13:04 B C:\casa\pagina\equipos\equiposabajo3.htm --> aireacondicionado.sion.com /aireacondicionado/equipos equiposabajo3.htm
2000.10.24 13:04 B C:\casa\pagina\equipos\equiposabajo4.htm --> aireacondicionado.sion.com /aireacondicionado/equipos equiposabajo4.htm
2000.10.24 13:04 B C:\casa\pagina\equipos\logocarrier.gif --> aireacondicionado.sion.com /aireacondicionado/equipos logocarrier.gif
2000.10.24 13:04 B C:\casa\pagina\equipos\logosurrey.gif --> aireacondicionado.sion.com /aireacondicionado/equipos logosurrey.gif
